<?xml version="1.0" encoding="UTF-8"?>
<!-- Generated by org.testng.reporters.JUnitReportReporter -->
<testsuite hostname="DESKTOP-U4UQ2MB" failures="0" tests="2" name="NeoStox_Test.MultipleTestCases" time="35.881" errors="0" timestamp="2022-12-28T16:04:59 IST" skipped="0">
  <testcase classname="NeoStox_Test.MultipleTestCases" name="validateUserID" time="18.109"/>
  <system-out/>
  <testcase classname="NeoStox_Test.MultipleTestCases" name="validateACCBalance" time="17.772"/>
  <system-out>
    <![CDATA[AC balance is Rs.5,00,000.00]]>
  </system-out>
</testsuite> <!-- NeoStox_Test.MultipleTestCases -->
