<?xml version="1.0" encoding="UTF-8"?>
<!-- Generated by org.testng.reporters.JUnitReportReporter -->
<testsuite hostname="DESKTOP-U4UQ2MB" failures="0" tests="2" name="NeoStox_Test.MultipleTestCases" time="50.621" errors="0" timestamp="2022-12-28T17:25:17 IST" skipped="0">
  <testcase classname="NeoStox_Test.MultipleTestCases" name="validateUserID" time="16.728"/>
  <system-out>
    <![CDATA[Waiting for1000ms
getting actual user name
Reading userName from property file
Waiting for1000ms
getting actual user name
Taking Screenshot]]>
  </system-out>
  <testcase classname="NeoStox_Test.MultipleTestCases" name="validateACCBalance" time="33.893"/>
  <system-out>
    <![CDATA[Waiting for1000ms
getting accBalance
Waiting for1000ms
getting accBalance
AC balance is Rs.5,00,000.00]]>
  </system-out>
</testsuite> <!-- NeoStox_Test.MultipleTestCases -->
